<?xml version="1.0" encoding="UTF-8" ?>  
<!DOCTYPE mapper  
PUBLIC "-//mybatis.org//DTD Mapper 3.0//EN"  
"http://mybatis.org/dtd/mybatis-3-mapper.dtd">  
<mapper namespace="com.example.manager.wxmanager.dao.TestDAO">
        <select id="selectTest" resultType="com.example.manager.wxmanager.model.TestModel">
            select * from test
        </select>
</mapper>